============================================================
 📧 WilkesBot Email Processor
 2026-02-25 09:45
============================================================
📧 Connecting to mail.wilkesboro.net...
📭 No new emails

✓ Nothing to process
============================================================
 📧 WilkesBot Email Processor
 2026-02-25 10:00
============================================================
📧 Connecting to mail.wilkesboro.net...
📭 No new emails

✓ Nothing to process
============================================================
 📧 WilkesBot Email Processor
 2026-02-25 10:15
============================================================
📧 Connecting to mail.wilkesboro.net...
📭 No new emails

✓ Nothing to process
============================================================
 📧 WilkesBot Email Processor
 2026-02-25 10:30
============================================================
📧 Connecting to mail.wilkesboro.net...
📭 No new emails

✓ Nothing to process
============================================================
 📧 WilkesBot Email Processor
 2026-02-25 10:45
============================================================
📧 Connecting to mail.wilkesboro.net...
📭 No new emails

✓ Nothing to process
============================================================
 📧 WilkesBot Email Processor
 2026-02-25 11:00
============================================================
📧 Connecting to mail.wilkesboro.net...
📭 No new emails

✓ Nothing to process
============================================================
 📧 WilkesBot Email Processor
 2026-02-25 11:15
============================================================
📧 Connecting to mail.wilkesboro.net...
📭 No new emails

✓ Nothing to process
============================================================
 📧 WilkesBot Email Processor
 2026-02-25 11:30
============================================================
📧 Connecting to mail.wilkesboro.net...
📭 No new emails

✓ Nothing to process
============================================================
 📧 WilkesBot Email Processor
 2026-02-25 11:45
============================================================
📧 Connecting to mail.wilkesboro.net...
📭 No new emails

✓ Nothing to process
============================================================
 📧 WilkesBot Email Processor
 2026-02-25 12:00
============================================================
📧 Connecting to mail.wilkesboro.net...
📭 No new emails

✓ Nothing to process
============================================================
 📧 WilkesBot Email Processor
 2026-02-25 12:15
============================================================
📧 Connecting to mail.wilkesboro.net...
📭 No new emails

✓ Nothing to process
============================================================
 📧 WilkesBot Email Processor
 2026-02-25 12:30
============================================================
📧 Connecting to mail.wilkesboro.net...
📭 No new emails

✓ Nothing to process
============================================================
 📧 WilkesBot Email Processor
 2026-02-25 12:45
============================================================
📧 Connecting to mail.wilkesboro.net...
📭 No new emails

✓ Nothing to process
============================================================
 📧 WilkesBot Email Processor
 2026-02-25 13:00
============================================================
📧 Connecting to mail.wilkesboro.net...
📭 No new emails

✓ Nothing to process
============================================================
 📧 WilkesBot Email Processor
 2026-02-25 13:15
============================================================
📧 Connecting to mail.wilkesboro.net...
📭 No new emails

✓ Nothing to process
============================================================
 📧 WilkesBot Email Processor
 2026-02-25 13:30
============================================================
📧 Connecting to mail.wilkesboro.net...
📭 No new emails

✓ Nothing to process
============================================================
 📧 WilkesBot Email Processor
 2026-02-25 13:45
============================================================
📧 Connecting to mail.wilkesboro.net...
📭 No new emails

✓ Nothing to process
============================================================
 📧 WilkesBot Email Processor
 2026-02-25 14:00
============================================================
📧 Connecting to mail.wilkesboro.net...
📭 No new emails

✓ Nothing to process
============================================================
 📧 WilkesBot Email Processor
 2026-02-25 14:15
============================================================
📧 Connecting to mail.wilkesboro.net...
📭 No new emails

✓ Nothing to process
============================================================
 📧 WilkesBot Email Processor
 2026-02-25 14:30
============================================================
📧 Connecting to mail.wilkesboro.net...
📭 No new emails

✓ Nothing to process
============================================================
 📧 WilkesBot Email Processor
 2026-02-25 14:45
============================================================
📧 Connecting to mail.wilkesboro.net...
📭 No new emails

✓ Nothing to process
============================================================
 📧 WilkesBot Email Processor
 2026-02-25 15:00
============================================================
📧 Connecting to mail.wilkesboro.net...
📭 No new emails

✓ Nothing to process
============================================================
 📧 WilkesBot Email Processor
 2026-02-25 15:15
============================================================
📧 Connecting to mail.wilkesboro.net...
📭 No new emails

✓ Nothing to process
============================================================
 📧 WilkesBot Email Processor
 2026-02-25 15:30
============================================================
📧 Connecting to mail.wilkesboro.net...
📭 No new emails

✓ Nothing to process
============================================================
 📧 WilkesBot Email Processor
 2026-02-25 15:45
============================================================
📧 Connecting to mail.wilkesboro.net...
📭 No new emails

✓ Nothing to process
============================================================
 📧 WilkesBot Email Processor
 2026-02-25 16:00
============================================================
📧 Connecting to mail.wilkesboro.net...
📭 No new emails

✓ Nothing to process
============================================================
 📧 WilkesBot Email Processor
 2026-02-25 16:15
============================================================
📧 Connecting to mail.wilkesboro.net...
📭 No new emails

✓ Nothing to process
============================================================
 📧 WilkesBot Email Processor
 2026-02-25 16:30
============================================================
📧 Connecting to mail.wilkesboro.net...
📭 No new emails

✓ Nothing to process
============================================================
 📧 WilkesBot Email Processor
 2026-02-25 16:45
============================================================
📧 Connecting to mail.wilkesboro.net...
📭 No new emails

✓ Nothing to process
============================================================
 📧 WilkesBot Email Processor
 2026-02-25 17:00
============================================================
📧 Connecting to mail.wilkesboro.net...
📭 No new emails

✓ Nothing to process
============================================================
 📧 WilkesBot Email Processor
 2026-02-25 17:15
============================================================
📧 Connecting to mail.wilkesboro.net...
📭 No new emails

✓ Nothing to process
============================================================
 📧 WilkesBot Email Processor
 2026-02-25 17:30
============================================================
📧 Connecting to mail.wilkesboro.net...
📭 No new emails

✓ Nothing to process
============================================================
 📧 WilkesBot Email Processor
 2026-02-25 17:45
============================================================
📧 Connecting to mail.wilkesboro.net...
📭 No new emails

✓ Nothing to process
============================================================
 📧 WilkesBot Email Processor
 2026-02-25 18:00
============================================================
📧 Connecting to mail.wilkesboro.net...
📭 No new emails

✓ Nothing to process
============================================================
 📧 WilkesBot Email Processor
 2026-02-25 18:15
============================================================
📧 Connecting to mail.wilkesboro.net...
📭 No new emails

✓ Nothing to process
============================================================
 📧 WilkesBot Email Processor
 2026-02-25 18:30
============================================================
📧 Connecting to mail.wilkesboro.net...
📭 No new emails

✓ Nothing to process
============================================================
 📧 WilkesBot Email Processor
 2026-02-25 18:45
============================================================
📧 Connecting to mail.wilkesboro.net...
📭 No new emails

✓ Nothing to process
============================================================
 📧 WilkesBot Email Processor
 2026-02-25 19:00
============================================================
📧 Connecting to mail.wilkesboro.net...
📭 No new emails

✓ Nothing to process
============================================================
 📧 WilkesBot Email Processor
 2026-02-25 19:15
============================================================
📧 Connecting to mail.wilkesboro.net...
📭 No new emails

✓ Nothing to process
============================================================
 📧 WilkesBot Email Processor
 2026-02-25 19:30
============================================================
📧 Connecting to mail.wilkesboro.net...
📭 No new emails

✓ Nothing to process
============================================================
 📧 WilkesBot Email Processor
 2026-02-25 19:45
============================================================
📧 Connecting to mail.wilkesboro.net...
📭 No new emails

✓ Nothing to process
============================================================
 📧 WilkesBot Email Processor
 2026-02-25 20:00
============================================================
📧 Connecting to mail.wilkesboro.net...
📭 No new emails

✓ Nothing to process
============================================================
 📧 WilkesBot Email Processor
 2026-02-25 20:15
============================================================
📧 Connecting to mail.wilkesboro.net...
📭 No new emails

✓ Nothing to process
============================================================
 📧 WilkesBot Email Processor
 2026-02-25 20:30
============================================================
📧 Connecting to mail.wilkesboro.net...
📭 No new emails

✓ Nothing to process
============================================================
 📧 WilkesBot Email Processor
 2026-02-25 20:45
============================================================
📧 Connecting to mail.wilkesboro.net...
📭 No new emails

✓ Nothing to process
============================================================
 📧 WilkesBot Email Processor
 2026-02-25 21:00
============================================================
📧 Connecting to mail.wilkesboro.net...
📭 No new emails

✓ Nothing to process
============================================================
 📧 WilkesBot Email Processor
 2026-02-25 21:15
============================================================
📧 Connecting to mail.wilkesboro.net...
📭 No new emails

✓ Nothing to process
============================================================
 📧 WilkesBot Email Processor
 2026-02-25 21:30
============================================================
📧 Connecting to mail.wilkesboro.net...
📭 No new emails

✓ Nothing to process
============================================================
 📧 WilkesBot Email Processor
 2026-02-25 21:45
============================================================
📧 Connecting to mail.wilkesboro.net...
📭 No new emails

✓ Nothing to process
============================================================
 📧 WilkesBot Email Processor
 2026-02-25 22:00
============================================================
📧 Connecting to mail.wilkesboro.net...
📭 No new emails

✓ Nothing to process
============================================================
 📧 WilkesBot Email Processor
 2026-02-25 22:15
============================================================
📧 Connecting to mail.wilkesboro.net...
📭 No new emails

✓ Nothing to process
============================================================
 📧 WilkesBot Email Processor
 2026-02-25 22:30
============================================================
📧 Connecting to mail.wilkesboro.net...
📭 No new emails

✓ Nothing to process
============================================================
 📧 WilkesBot Email Processor
 2026-02-25 22:45
============================================================
📧 Connecting to mail.wilkesboro.net...
📭 No new emails

✓ Nothing to process
============================================================
 📧 WilkesBot Email Processor
 2026-02-25 23:00
============================================================
📧 Connecting to mail.wilkesboro.net...
📭 No new emails

✓ Nothing to process
============================================================
 📧 WilkesBot Email Processor
 2026-02-25 23:15
============================================================
📧 Connecting to mail.wilkesboro.net...
📭 No new emails

✓ Nothing to process
============================================================
 📧 WilkesBot Email Processor
 2026-02-25 23:30
============================================================
📧 Connecting to mail.wilkesboro.net...
📭 No new emails

✓ Nothing to process
============================================================
 📧 WilkesBot Email Processor
 2026-02-25 23:45
============================================================
📧 Connecting to mail.wilkesboro.net...
📭 No new emails

✓ Nothing to process
============================================================
 📧 WilkesBot Email Processor
 2026-02-26 00:00
============================================================
📧 Connecting to mail.wilkesboro.net...
📭 No new emails

✓ Nothing to process
============================================================
 📧 WilkesBot Email Processor
 2026-02-26 00:15
============================================================
📧 Connecting to mail.wilkesboro.net...
📭 No new emails

✓ Nothing to process
============================================================
 📧 WilkesBot Email Processor
 2026-02-26 00:30
============================================================
📧 Connecting to mail.wilkesboro.net...
📭 No new emails

✓ Nothing to process
============================================================
 📧 WilkesBot Email Processor
 2026-02-26 00:45
============================================================
📧 Connecting to mail.wilkesboro.net...
📭 No new emails

✓ Nothing to process
============================================================
 📧 WilkesBot Email Processor
 2026-02-26 01:00
============================================================
📧 Connecting to mail.wilkesboro.net...
📭 No new emails

✓ Nothing to process
============================================================
 📧 WilkesBot Email Processor
 2026-02-26 01:15
============================================================
📧 Connecting to mail.wilkesboro.net...
📭 No new emails

✓ Nothing to process
============================================================
 📧 WilkesBot Email Processor
 2026-02-26 01:30
============================================================
📧 Connecting to mail.wilkesboro.net...
📭 No new emails

✓ Nothing to process
============================================================
 📧 WilkesBot Email Processor
 2026-02-26 01:45
============================================================
📧 Connecting to mail.wilkesboro.net...
📭 No new emails

✓ Nothing to process
============================================================
 📧 WilkesBot Email Processor
 2026-02-26 02:00
============================================================
📧 Connecting to mail.wilkesboro.net...
📭 No new emails

✓ Nothing to process
============================================================
 📧 WilkesBot Email Processor
 2026-02-26 02:15
============================================================
📧 Connecting to mail.wilkesboro.net...
📭 No new emails

✓ Nothing to process
============================================================
 📧 WilkesBot Email Processor
 2026-02-26 02:30
============================================================
📧 Connecting to mail.wilkesboro.net...
📭 No new emails

✓ Nothing to process
============================================================
 📧 WilkesBot Email Processor
 2026-02-26 02:45
============================================================
📧 Connecting to mail.wilkesboro.net...
📭 No new emails

✓ Nothing to process
============================================================
 📧 WilkesBot Email Processor
 2026-02-26 03:00
============================================================
📧 Connecting to mail.wilkesboro.net...
📭 No new emails

✓ Nothing to process
============================================================
 📧 WilkesBot Email Processor
 2026-02-26 03:15
============================================================
📧 Connecting to mail.wilkesboro.net...
📭 No new emails

✓ Nothing to process
============================================================
 📧 WilkesBot Email Processor
 2026-02-26 03:30
============================================================
📧 Connecting to mail.wilkesboro.net...
📭 No new emails

✓ Nothing to process
============================================================
 📧 WilkesBot Email Processor
 2026-02-26 03:45
============================================================
📧 Connecting to mail.wilkesboro.net...
📭 No new emails

✓ Nothing to process
============================================================
 📧 WilkesBot Email Processor
 2026-02-26 04:00
============================================================
📧 Connecting to mail.wilkesboro.net...
📭 No new emails

✓ Nothing to process
============================================================
 📧 WilkesBot Email Processor
 2026-02-26 04:15
============================================================
📧 Connecting to mail.wilkesboro.net...
📭 No new emails

✓ Nothing to process
============================================================
 📧 WilkesBot Email Processor
 2026-02-26 04:30
============================================================
📧 Connecting to mail.wilkesboro.net...
📭 No new emails

✓ Nothing to process
============================================================
 📧 WilkesBot Email Processor
 2026-02-26 04:45
============================================================
📧 Connecting to mail.wilkesboro.net...
📭 No new emails

✓ Nothing to process
============================================================
 📧 WilkesBot Email Processor
 2026-02-26 05:00
============================================================
📧 Connecting to mail.wilkesboro.net...
📭 No new emails

✓ Nothing to process
============================================================
 📧 WilkesBot Email Processor
 2026-02-26 05:15
============================================================
📧 Connecting to mail.wilkesboro.net...
📭 No new emails

✓ Nothing to process
============================================================
 📧 WilkesBot Email Processor
 2026-02-26 05:30
============================================================
📧 Connecting to mail.wilkesboro.net...
📭 No new emails

✓ Nothing to process
============================================================
 📧 WilkesBot Email Processor
 2026-02-26 05:45
============================================================
📧 Connecting to mail.wilkesboro.net...
📭 No new emails

✓ Nothing to process
============================================================
 📧 WilkesBot Email Processor
 2026-02-26 06:00
============================================================
📧 Connecting to mail.wilkesboro.net...
📭 No new emails

✓ Nothing to process
============================================================
 📧 WilkesBot Email Processor
 2026-02-26 06:15
============================================================
📧 Connecting to mail.wilkesboro.net...
📭 No new emails

✓ Nothing to process
============================================================
 📧 WilkesBot Email Processor
 2026-02-26 06:30
============================================================
📧 Connecting to mail.wilkesboro.net...
📭 No new emails

✓ Nothing to process
============================================================
 📧 WilkesBot Email Processor
 2026-02-26 06:45
============================================================
📧 Connecting to mail.wilkesboro.net...
📭 No new emails

✓ Nothing to process
============================================================
 📧 WilkesBot Email Processor
 2026-02-26 07:00
============================================================
📧 Connecting to mail.wilkesboro.net...
📭 No new emails

✓ Nothing to process
============================================================
 📧 WilkesBot Email Processor
 2026-02-26 07:15
============================================================
📧 Connecting to mail.wilkesboro.net...
📭 No new emails

✓ Nothing to process
============================================================
 📧 WilkesBot Email Processor
 2026-02-26 07:30
============================================================
📧 Connecting to mail.wilkesboro.net...
📭 No new emails

✓ Nothing to process
============================================================
 📧 WilkesBot Email Processor
 2026-02-26 07:45
============================================================
📧 Connecting to mail.wilkesboro.net...
📭 No new emails

✓ Nothing to process
============================================================
 📧 WilkesBot Email Processor
 2026-02-26 08:00
============================================================
📧 Connecting to mail.wilkesboro.net...
📭 No new emails

✓ Nothing to process
============================================================
 📧 WilkesBot Email Processor
 2026-02-26 08:15
============================================================
📧 Connecting to mail.wilkesboro.net...
📭 No new emails

✓ Nothing to process
============================================================
 📧 WilkesBot Email Processor
 2026-02-26 08:30
============================================================
📧 Connecting to mail.wilkesboro.net...
📭 No new emails

✓ Nothing to process
============================================================
 📧 WilkesBot Email Processor
 2026-02-26 08:45
============================================================
📧 Connecting to mail.wilkesboro.net...
📭 No new emails

✓ Nothing to process
============================================================
 📧 WilkesBot Email Processor
 2026-02-26 09:00
============================================================
📧 Connecting to mail.wilkesboro.net...
📭 No new emails

✓ Nothing to process
============================================================
 📧 WilkesBot Email Processor
 2026-02-26 09:15
============================================================
📧 Connecting to mail.wilkesboro.net...
📭 No new emails

✓ Nothing to process
============================================================
 📧 WilkesBot Email Processor
 2026-02-26 09:30
============================================================
📧 Connecting to mail.wilkesboro.net...
📭 No new emails

✓ Nothing to process
============================================================
 📧 WilkesBot Email Processor
 2026-02-26 09:45
============================================================
📧 Connecting to mail.wilkesboro.net...
📭 No new emails

✓ Nothing to process
============================================================
 📧 WilkesBot Email Processor
 2026-02-26 10:00
============================================================
📧 Connecting to mail.wilkesboro.net...
📭 No new emails

✓ Nothing to process
============================================================
 📧 WilkesBot Email Processor
 2026-02-26 10:15
============================================================
📧 Connecting to mail.wilkesboro.net...
📭 No new emails

✓ Nothing to process
============================================================
 📧 WilkesBot Email Processor
 2026-02-26 10:30
============================================================
📧 Connecting to mail.wilkesboro.net...
📭 No new emails

✓ Nothing to process
============================================================
 📧 WilkesBot Email Processor
 2026-02-26 10:45
============================================================
📧 Connecting to mail.wilkesboro.net...
📭 No new emails

✓ Nothing to process
============================================================
 📧 WilkesBot Email Processor
 2026-02-26 11:00
============================================================
📧 Connecting to mail.wilkesboro.net...
📭 No new emails

✓ Nothing to process
============================================================
 📧 WilkesBot Email Processor
 2026-02-26 11:15
============================================================
📧 Connecting to mail.wilkesboro.net...
📭 No new emails

✓ Nothing to process
============================================================
 📧 WilkesBot Email Processor
 2026-02-26 11:30
============================================================
📧 Connecting to mail.wilkesboro.net...
📭 No new emails

✓ Nothing to process
============================================================
 📧 WilkesBot Email Processor
 2026-02-26 11:45
============================================================
📧 Connecting to mail.wilkesboro.net...
📭 No new emails

✓ Nothing to process
============================================================
 📧 WilkesBot Email Processor
 2026-02-26 12:00
============================================================
📧 Connecting to mail.wilkesboro.net...
📭 No new emails

✓ Nothing to process
============================================================
 📧 WilkesBot Email Processor
 2026-02-26 12:15
============================================================
📧 Connecting to mail.wilkesboro.net...
📭 No new emails

✓ Nothing to process
============================================================
 📧 WilkesBot Email Processor
 2026-02-26 12:30
============================================================
📧 Connecting to mail.wilkesboro.net...
📭 No new emails

✓ Nothing to process
============================================================
 📧 WilkesBot Email Processor
 2026-02-26 12:45
============================================================
📧 Connecting to mail.wilkesboro.net...
📭 No new emails

✓ Nothing to process
============================================================
 📧 WilkesBot Email Processor
 2026-02-26 13:00
============================================================
📧 Connecting to mail.wilkesboro.net...
📭 No new emails

✓ Nothing to process
============================================================
 📧 WilkesBot Email Processor
 2026-02-26 13:15
============================================================
📧 Connecting to mail.wilkesboro.net...
📭 No new emails

✓ Nothing to process
